<?xml version="1.0" encoding="UTF-8"?>
<!-- Generated by org.testng.reporters.JUnitXMLReporter -->
<testsuite ignored="2" hostname="Raj" failures="0" tests="9" name="LoansDept" time="0.832" errors="0" timestamp="2023-11-20T19:37:10 IST">
  <testcase classname="JavaSelenium.testNG.PersonalLoan" name="apiUnSecuredLoan" time="0.063"/>
  <testcase classname="JavaSelenium.testNG.CarLoan" name="aAA" time="0.055"/>
  <testcase classname="JavaSelenium.testNG.CarLoan" name="usedCarLoan" time="0.011"/>
  <testcase classname="JavaSelenium.testNG.PersonalLoan" name="mortageLoan" time="0.058"/>
  <testcase classname="JavaSelenium.testNG.HomeLoan" name="newHouseLoan" time="0.054"/>
  <testcase classname="JavaSelenium.testNG.HomeLoan" name="newHouseLoan" time="0.05"/>
  <testcase classname="JavaSelenium.testNG.PersonalLoan" name="abA" time="0.24"/>
  <testcase classname="JavaSelenium.testNG.PersonalLoan" name="apiCibilCheck" time="0.01"/>
  <testcase classname="JavaSelenium.testNG.PersonalLoan" name="unSecuredLoan" time="0.013"/>
  <testcase classname="JavaSelenium.testNG.PersonalLoan" name="cibilCheck" time="0.0">
    <ignored/>
  </testcase> <!-- cibilCheck -->
  <testcase classname="JavaSelenium.testNG.PersonalLoan" name="weddingLoan" time="0.0">
    <ignored/>
  </testcase> <!-- weddingLoan -->
</testsuite> <!-- LoansDept -->
